{"meta": {"version": "7.4.0", "timestamp": "2024-01-16T19:35:35.315932", "branch_coverage": false, "show_contexts": false}, "files": {"tiled_tools/__init__.py": {"executed_lines": [1], "summary": {"covered_lines": 0, "num_statements": 0, "percent_covered": 100.0, "percent_covered_display": "100", "missing_lines": 0, "excluded_lines": 0}, "missing_lines": [], "excluded_lines": []}, "tiled_tools/carver/__init__.py": {"executed_lines": [1], "summary": {"covered_lines": 0, "num_statements": 0, "percent_covered": 100.0, "percent_covered_display": "100", "missing_lines": 0, "excluded_lines": 0}, "missing_lines": [], "excluded_lines": []}, "tiled_tools/carver/measurements.py": {"executed_lines": [1, 6, 9, 10, 19, 20, 21, 22, 24, 28, 30, 34, 36, 37, 39, 40, 42, 43], "summary": {"covered_lines": 16, "num_statements": 16, "percent_covered": 100.0, "percent_covered_display": "100", "missing_lines": 0, "excluded_lines": 0}, "missing_lines": [], "excluded_lines": []}, "tiled_tools/carver/vector.py": {"executed_lines": [1, 5, 6, 8, 11, 12, 16, 23, 25, 29, 31, 35, 37, 44, 46, 50, 52, 59, 61, 69, 71, 75, 77, 81, 83, 90, 91, 93, 95, 102, 103, 105, 107, 115, 116, 118, 120, 127, 128, 130, 132, 139, 140, 142, 144, 151, 153, 160, 161, 163, 165, 169, 171, 175, 178, 179, 183, 184, 191, 193, 194, 203, 206, 207, 211, 218, 220, 227, 229, 236, 238, 246, 248, 255, 257, 265, 267, 274, 275, 277, 279, 286, 287, 291, 293, 300, 302, 303, 307, 309, 310, 314, 316, 317, 321, 323, 327, 329, 333, 335, 339], "summary": {"covered_lines": 97, "num_statements": 97, "percent_covered": 100.0, "percent_covered_display": "100", "missing_lines": 0, "excluded_lines": 0}, "missing_lines": [], "excluded_lines": []}, "tiled_tools/common/__init__.py": {"executed_lines": [1], "summary": {"covered_lines": 0, "num_statements": 0, "percent_covered": 100.0, "percent_covered_display": "100", "missing_lines": 0, "excluded_lines": 0}, "missing_lines": [], "excluded_lines": []}, "tiled_tools/common/constants.py": {"executed_lines": [1, 5, 7, 9, 10], "summary": {"covered_lines": 4, "num_statements": 4, "percent_covered": 100.0, "percent_covered_display": "100", "missing_lines": 0, "excluded_lines": 0}, "missing_lines": [], "excluded_lines": []}, "tiled_tools/common/graph.py": {"executed_lines": [1, 6, 7, 9, 11, 14, 15, 19, 22, 23, 25, 27, 29, 30, 32, 33, 35, 36, 39, 40, 44, 47, 48, 50, 52, 53, 54, 56, 57, 58, 60, 61, 63, 64, 67, 68, 72, 75, 82, 88, 96, 104, 110], "summary": {"covered_lines": 39, "num_statements": 47, "percent_covered": 82.97872340425532, "percent_covered_display": "83", "missing_lines": 8, "excluded_lines": 0}, "missing_lines": [73, 79, 80, 86, 92, 100, 108, 114], "excluded_lines": []}, "tiled_tools/common/grid.py": {"executed_lines": [1, 7, 8, 10, 11, 14, 15, 21, 23, 26, 27, 32, 33, 34, 35, 38, 39, 43, 59, 61, 62, 64, 65, 67, 71, 73, 77, 79, 83, 85, 89, 91, 95, 97, 98, 102, 104, 105, 109, 111, 119, 121, 130, 132, 136, 139, 141, 145, 149, 151, 158, 160, 167, 169, 176, 178, 185, 187, 194, 196, 203, 205, 206, 208, 209, 212, 213, 217, 220, 224, 225, 229, 230, 241, 242, 243, 245, 248, 249, 253, 254, 258, 259, 261, 263, 264, 268, 275, 276, 280, 289, 298, 300, 301, 309, 313, 315, 316, 317, 318, 320, 322, 323, 324, 325, 327, 329, 330, 336, 337, 343], "summary": {"covered_lines": 104, "num_statements": 104, "percent_covered": 100.0, "percent_covered_display": "100", "missing_lines": 0, "excluded_lines": 0}, "missing_lines": [], "excluded_lines": []}}, "totals": {"covered_lines": 260, "num_statements": 268, "percent_covered": 97.01492537313433, "percent_covered_display": "97", "missing_lines": 8, "excluded_lines": 0}}